The system cannot find the file specified.
The system cannot find the file specified.
cygwin warning:
  MS-DOS style path detected: /cygdrive/c/stuff/rusefi_sourceforge/firmware/build\rusefi.hex
  Preferred POSIX equivalent is: /cygdrive/c/stuff/rusefi_sourceforge/firmware/build/rusefi.hex
  CYGWIN environment variable option "nodosfilewarning" turns off this warning.
  Consult the user's guide for more details about POSIX paths:
    http://cygwin.com/cygwin-ug-net/using.html#using-pathnames
./console/console_io.c: In function 'consoleOutputBuffer':
./console/console_io.c:120:2: warning: pointer targets in passing argument 2 of 'SDU1.vmt->write' differ in signedness [-Wpointer-sign]
./console/console_io.c:120:2: note: expected 'const uint8_t *' but argument is of type 'const int8_t *'
./console/status_loop.c: In function 'updateHD44780lcd':
./console/status_loop.c:323:2: warning: pointer targets in passing argument 1 of 'itoa10' differ in signedness [-Wpointer-sign]
In file included from ./console/status_loop.c:54:0:
console_util/rfiutil.h:28:7: note: expected 'uint8_t *' but argument is of type 'char *'
./console/status_loop.c: In function 'lcdThread':
./console/status_loop.c:348:29: warning: unused parameter 'arg' [-Wunused-parameter]
./console/status_loop.c: In function 'tsStatusThread':
./console/status_loop.c:360:34: warning: unused parameter 'arg' [-Wunused-parameter]
./console_util/datalogging.c: In function 'printWithLength':
./console_util/datalogging.c:275:2: warning: pointer targets in passing argument 1 of 'itoa10' differ in signedness [-Wpointer-sign]
In file included from ./console_util/datalogging.c:35:0:
./console_util/rfiutil.h:28:7: note: expected 'uint8_t *' but argument is of type 'char *'
./console_util/datalogging.c: At top level:
./console_util/datalogging.c:162:14: warning: 'get2ndCaption' defined but not used [-Wunused-function]
./console_util/datalogging.c:251:13: warning: 'commonSimpleMsg' defined but not used [-Wunused-function]
./console_util/rfiutil.c: In function 'itoa_signed':
./console_util/rfiutil.c:69:3: warning: pointer targets in passing argument 1 of 'ltoa_internal' differ in signedness [-Wpointer-sign]
./console_util/rfiutil.c:45:14: note: expected 'char *' but argument is of type 'uint8_t *'
./console_util/rfiutil.c:73:2: warning: pointer targets in passing argument 1 of 'ltoa_internal' differ in signedness [-Wpointer-sign]
./console_util/rfiutil.c:45:14: note: expected 'char *' but argument is of type 'uint8_t *'
emulation/hw_layer/poten.c:67:16: warning: 'logger' defined but not used [-Wunused-variable]
emulation/wave_analyzer.c: In function 'onWaveShaftSignal':
emulation/wave_analyzer.c:140:43: warning: unused parameter 'ckpSignalType' [-Wunused-parameter]
emulation/wave_analyzer.c: In function 'waThread':
emulation/wave_analyzer.c:152:29: warning: unused parameter 'arg' [-Wunused-parameter]
./hw_layer/hardware.c: In function 'initSpiModule':
./hw_layer/hardware.c:37:38: warning: unused parameter 'driver' [-Wunused-parameter]
./hw_layer/hardware.c: In function 'sendI2Cbyte':
./hw_layer/hardware.c:82:2: warning: pointer targets in passing argument 3 of 'i2cMasterTransmitTimeout' differ in signedness [-Wpointer-sign]
In file included from chibios/os/hal/include/hal.h:59:0,
                 from ./hw_layer/pin_repository.h:17,
                 from ./hw_layer/hardware.c:10:
chibios/os/hal/include/i2c.h:132:9: note: expected 'const uint8_t *' but argument is of type 'char *'
./hw_layer/hardware.c: In function 'initHardware':
./hw_layer/hardware.c:156:2: warning: pointer targets in passing argument 1 of 'itoa10' differ in signedness [-Wpointer-sign]
In file included from ./hw_layer/hardware.c:13:0:
console_util/rfiutil.h:28:7: note: expected 'uint8_t *' but argument is of type 'char *'
./hw_layer/adc_inputs.c:199:1: warning: missing initializer [-Wmissing-field-initializers]
./hw_layer/adc_inputs.c:199:1: warning: (near initialization for 'pwmcfg_slow.dier') [-Wmissing-field-initializers]
./hw_layer/adc_inputs.c:205:1: warning: missing initializer [-Wmissing-field-initializers]
./hw_layer/adc_inputs.c:205:1: warning: (near initialization for 'pwmcfg_fast.dier') [-Wmissing-field-initializers]
./hw_layer/trigger_input.c:52:1: warning: missing initializer [-Wmissing-field-initializers]
./hw_layer/trigger_input.c:52:1: warning: (near initialization for 'shaft_icucfg.overflow_cb') [-Wmissing-field-initializers]
./hw_layer/pin_repository.c: In function 'initPinRepository':
./hw_layer/pin_repository.c:94:2: warning: pointer targets in passing argument 2 of 'msObjectInit' differ in signedness [-Wpointer-sign]
In file included from ./hw_layer/pin_repository.c:16:0:
chibios/os/various/memstreams.h:87:8: note: expected 'uint8_t *' but argument is of type 'char *'
./hw_layer/io_pins.c: In function 'comBlinkingThread':
./hw_layer/io_pins.c:76:37: warning: unused parameter 'arg' [-Wunused-parameter]
./hw_layer/io_pins.c: In function 'errBlinkingThread':
./hw_layer/io_pins.c:95:37: warning: unused parameter 'arg' [-Wunused-parameter]
./hw_layer/lcd/lcd_HD44780.c: In function 'lcd_HD44780_write':
./hw_layer/lcd/lcd_HD44780.c:102:5: warning: pointer targets in passing argument 3 of 'i2cMasterTransmitTimeout' differ in signedness [-Wpointer-sign]
In file included from chibios/os/hal/include/hal.h:59:0,
                 from ./global.h:12,
                 from ./main.h:18,
                 from ./hw_layer/lcd/lcd_HD44780.c:11:
chibios/os/hal/include/i2c.h:132:9: note: expected 'const uint8_t *' but argument is of type 'char *'
./hw_layer/lcd/lcd_HD44780.c:106:5: warning: pointer targets in passing argument 3 of 'i2cMasterTransmitTimeout' differ in signedness [-Wpointer-sign]
In file included from chibios/os/hal/include/hal.h:59:0,
                 from ./global.h:12,
                 from ./main.h:18,
                 from ./hw_layer/lcd/lcd_HD44780.c:11:
chibios/os/hal/include/i2c.h:132:9: note: expected 'const uint8_t *' but argument is of type 'char *'
./hw_layer/rtc_helper.c: In function 'dateToString':
./hw_layer/rtc_helper.c:44:2: warning: pointer targets in passing argument 1 of 'itoa10' differ in signedness [-Wpointer-sign]
In file included from ./hw_layer/rtc_helper.c:12:0:
console_util/rfiutil.h:28:7: note: expected 'uint8_t *' but argument is of type 'char *'
./hw_layer/rtc_helper.c:52:2: warning: pointer targets in passing argument 1 of 'itoa10' differ in signedness [-Wpointer-sign]
In file included from ./hw_layer/rtc_helper.c:12:0:
console_util/rfiutil.h:28:7: note: expected 'uint8_t *' but argument is of type 'char *'
./hw_layer/rtc_helper.c:60:2: warning: pointer targets in passing argument 1 of 'itoa10' differ in signedness [-Wpointer-sign]
In file included from ./hw_layer/rtc_helper.c:12:0:
console_util/rfiutil.h:28:7: note: expected 'uint8_t *' but argument is of type 'char *'
./hw_layer/rtc_helper.c:68:2: warning: pointer targets in passing argument 1 of 'itoa10' differ in signedness [-Wpointer-sign]
In file included from ./hw_layer/rtc_helper.c:12:0:
console_util/rfiutil.h:28:7: note: expected 'uint8_t *' but argument is of type 'char *'
./hw_layer/rtc_helper.c:76:2: warning: pointer targets in passing argument 1 of 'itoa10' differ in signedness [-Wpointer-sign]
In file included from ./hw_layer/rtc_helper.c:12:0:
console_util/rfiutil.h:28:7: note: expected 'uint8_t *' but argument is of type 'char *'
./hw_layer/mmc_card.c: In function 'appendToLog':
./hw_layer/mmc_card.c:166:18: warning: comparison between signed and unsigned integer expressions [-Wsign-compare]
./hw_layer/board_test.c: In function 'ivThread':
./hw_layer/board_test.c:75:27: warning: unused parameter 'param' [-Wunused-parameter]
./hw_layer/board_test.c: In function 'initBoardTest':
./hw_layer/board_test.c:109:7: warning: unused variable 'value' [-Wunused-variable]
./hw_layer/wave_analyzer_hw.c:22:3: warning: missing initializer [-Wmissing-field-initializers]
./hw_layer/wave_analyzer_hw.c:22:3: warning: (near initialization for 'wave_icucfg.overflow_cb') [-Wmissing-field-initializers]
./controllers/idle_thread.c: In function 'ivThread':
./controllers/idle_thread.c:82:27: warning: unused parameter 'param' [-Wunused-parameter]
./controllers/injector_central.c: In function 'benchThread':
./controllers/injector_central.c:125:30: warning: unused parameter 'param' [-Wunused-parameter]
./controllers/error_handling.c: In function 'warning':
./controllers/error_handling.c:21:24: warning: unused parameter 'code' [-Wunused-parameter]
./controllers/map_averaging.c: In function 'startAveraging':
./controllers/map_averaging.c:72:33: warning: unused parameter 'arg' [-Wunused-parameter]
./controllers/map_averaging.c: In function 'endAveraging':
./controllers/map_averaging.c:108:32: warning: unused parameter 'arg' [-Wunused-parameter]
./controllers/map_averaging.c: In function 'shaftPositionCallback':
./controllers/map_averaging.c:120:47: warning: unused parameter 'ckpEventType' [-Wunused-parameter]
./controllers/map_multiplier_thread.c: In function 'maThread':
./controllers/map_multiplier_thread.c:42:26: warning: unused parameter 'param' [-Wunused-parameter]
./controllers/algo/engine_configuration.c: In function 'applyNonPersistentConfiguration':
./controllers/algo/engine_configuration.c:356:144: warning: unused parameter 'engineType' [-Wunused-parameter]
./controllers/algo/signal_executor.c: In function 'scheduleOutputBase':
./controllers/algo/signal_executor.c:127:53: warning: unused parameter 'delayMs' [-Wunused-parameter]
./controllers/algo/signal_executor.c:127:68: warning: unused parameter 'durationMs' [-Wunused-parameter]
./controllers/trigger/trigger_mazda.c: In function 'configureMazdaProtegeLx':
./controllers/trigger/trigger_mazda.c:68:8: warning: unused variable 'w' [-Wunused-variable]
./controllers/trigger/rpm_calculator.c: In function 'shaftPositionCallback':
./controllers/trigger/rpm_calculator.c:102:2: warning: pointer targets in passing argument 1 of 'itoa10' differ in signedness [-Wpointer-sign]
In file included from ./controllers/trigger/rpm_calculator.c:23:0:
console_util/rfiutil.h:28:7: note: expected 'uint8_t *' but argument is of type 'char *'
./controllers/trigger/rpm_calculator.c: In function 'onTdcCallback':
./controllers/trigger/rpm_calculator.c:154:2: warning: pointer targets in passing argument 1 of 'itoa10' differ in signedness [-Wpointer-sign]
In file included from ./controllers/trigger/rpm_calculator.c:23:0:
console_util/rfiutil.h:28:7: note: expected 'uint8_t *' but argument is of type 'char *'
./controllers/trigger/rpm_calculator.c: In function 'tdcMarkCallback':
./controllers/trigger/rpm_calculator.c:158:41: warning: unused parameter 'ckpSignalType' [-Wunused-parameter]
./controllers/trigger/trigger_decoder.cpp:46:19: warning: unused parameter 'triggerShape' [-Wunused-parameter]
./controllers/trigger/trigger_decoder.cpp: In function 'void processTriggerEvent(trigger_state_s*, const trigger_shape_s*, const trigger_config_s*, ShaftEvents, time_t)':
./controllers/trigger/trigger_decoder.cpp:85:2: warning: deprecated conversion from string constant to 'char*' [-Wwrite-strings]
./controllers/trigger/trigger_decoder.cpp: In function 'void initTriggerDecoder()':
./controllers/trigger/trigger_decoder.cpp:242:40: warning: deprecated conversion from string constant to 'char*' [-Wwrite-strings]
./controllers/trigger/main_trigger_callback.cpp: In function 'void handleFuel(ShaftEvents, int)':
./controllers/trigger/main_trigger_callback.cpp:96:2: warning: deprecated conversion from string constant to 'char*' [-Wwrite-strings]
./controllers/trigger/main_trigger_callback.cpp: At global scope:
./controllers/trigger/main_trigger_callback.cpp:93:13: warning: unused parameter 'ckpSignalType' [-Wunused-parameter]
./controllers/trigger/main_trigger_callback.cpp:143:13: warning: unused parameter 'ckpSignalType' [-Wunused-parameter]
./controllers/trigger/main_trigger_callback.cpp: In function 'void onShaftSignal(ShaftEvents, int)':
./controllers/trigger/main_trigger_callback.cpp:168:2: warning: deprecated conversion from string constant to 'char*' [-Wwrite-strings]
./controllers/trigger/main_trigger_callback.cpp: In function 'void initMainEventListener()':
./controllers/trigger/main_trigger_callback.cpp:216:58: warning: deprecated conversion from string constant to 'char*' [-Wwrite-strings]
./controllers/trigger/main_trigger_callback.cpp:217:43: warning: deprecated conversion from string constant to 'char*' [-Wwrite-strings]
./controllers/trigger/main_trigger_callback.cpp:219:43: warning: deprecated conversion from string constant to 'char*' [-Wwrite-strings]
./controllers/trigger/main_trigger_callback.cpp:221:47: warning: deprecated conversion from string constant to 'char*' [-Wwrite-strings]
./controllers/trigger/main_trigger_callback.cpp:226:59: warning: deprecated conversion from string constant to 'char*' [-Wwrite-strings]
emulation/trigger_emulator.cpp: In function 'void initTriggerEmulator()':
emulation/trigger_emulator.cpp:35:52: warning: deprecated conversion from string constant to 'char*' [-Wwrite-strings]
emulation/trigger_emulator.cpp:38:52: warning: deprecated conversion from string constant to 'char*' [-Wwrite-strings]
emulation/rfi_perftest.cpp: In function 'void initTimePerfActions()':
emulation/rfi_perftest.cpp:213:33: warning: deprecated conversion from string constant to 'char*' [-Wwrite-strings]
emulation/rfi_perftest.cpp:215:40: warning: deprecated conversion from string constant to 'char*' [-Wwrite-strings]
emulation/rfi_perftest.cpp:217:39: warning: deprecated conversion from string constant to 'char*' [-Wwrite-strings]
emulation/engine_emulator.cpp:60:14: warning: unused parameter 'arg' [-Wunused-parameter]
emulation/engine_emulator.cpp: In function 'void initECUstimulator()':
emulation/engine_emulator.cpp:85:26: warning: deprecated conversion from string constant to 'char*' [-Wwrite-strings]
emulation/engine_emulator.cpp:87:35: warning: deprecated conversion from string constant to 'char*' [-Wwrite-strings]
emulation/engine_emulator.cpp:88:39: warning: deprecated conversion from string constant to 'char*' [-Wwrite-strings]
emulation/engine_emulator.cpp:89:39: warning: deprecated conversion from string constant to 'char*' [-Wwrite-strings]
emulation/engine_emulator.cpp: At global scope:
emulation/engine_emulator.cpp:83:13: warning: 'void initECUstimulator()' defined but not used [-Wunused-function]
./controllers/algo/fuel_math.cpp: In function 'float getBaseFuel(int, float)':
./controllers/algo/fuel_math.cpp:86:2: warning: deprecated conversion from string constant to 'char*' [-Wwrite-strings]
./controllers/algo/fuel_math.cpp: In function 'int getElectricalValue(int, pin_output_mode_e)':
./controllers/algo/fuel_math.cpp:150:2: warning: deprecated conversion from string constant to 'char*' [-Wwrite-strings]
./controllers/algo/event_queue.cpp:16:6: warning: unused parameter 'param' [-Wunused-parameter]
./controllers/system/trigger_emulator_algo.cpp: In function 'void initTriggerEmulatorLogic(void (*)(PwmConfig*, int))':
./controllers/system/trigger_emulator_algo.cpp:47:52: warning: deprecated conversion from string constant to 'char*' [-Wwrite-strings]
./controllers/system/trigger_emulator_algo.cpp:55:23: warning: deprecated conversion from string constant to 'char*' [-Wwrite-strings]
./controllers/system/trigger_emulator_algo.cpp:57:49: warning: deprecated conversion from string constant to 'char*' [-Wwrite-strings]
./config/engines/MiniCooperR50.cpp:10:6: warning: unused parameter 'boardConfiguration' [-Wunused-parameter]
./config/engines/citroenBerlingoTU3JP.cpp:12:6: warning: unused parameter 'boardConfiguration' [-Wunused-parameter]
./controllers/settings.cpp: In function 'char* getConfigurationName(engine_configuration_s*)':
./controllers/settings.cpp:58:10: warning: deprecated conversion from string constant to 'char*' [-Wwrite-strings]
./controllers/settings.cpp:62:10: warning: deprecated conversion from string constant to 'char*' [-Wwrite-strings]
./controllers/settings.cpp:66:10: warning: deprecated conversion from string constant to 'char*' [-Wwrite-strings]
./controllers/settings.cpp:70:10: warning: deprecated conversion from string constant to 'char*' [-Wwrite-strings]
./controllers/settings.cpp:73:10: warning: deprecated conversion from string constant to 'char*' [-Wwrite-strings]
./controllers/settings.cpp:75:10: warning: deprecated conversion from string constant to 'char*' [-Wwrite-strings]
./controllers/settings.cpp:77:10: warning: deprecated conversion from string constant to 'char*' [-Wwrite-strings]
./controllers/settings.cpp:79:10: warning: deprecated conversion from string constant to 'char*' [-Wwrite-strings]
./controllers/settings.cpp:81:10: warning: deprecated conversion from string constant to 'char*' [-Wwrite-strings]
./controllers/settings.cpp:83:10: warning: deprecated conversion from string constant to 'char*' [-Wwrite-strings]
./controllers/settings.cpp:85:10: warning: deprecated conversion from string constant to 'char*' [-Wwrite-strings]
./controllers/settings.cpp:87:10: warning: deprecated conversion from string constant to 'char*' [-Wwrite-strings]
./controllers/settings.cpp:89:10: warning: deprecated conversion from string constant to 'char*' [-Wwrite-strings]
./controllers/settings.cpp: In function 'void printConfiguration(engine_configuration_s*, engine_configuration2_s*)':
./controllers/settings.cpp:112:79: warning: deprecated conversion from string constant to 'char*' [-Wwrite-strings]
./controllers/settings.cpp:114:79: warning: deprecated conversion from string constant to 'char*' [-Wwrite-strings]
./controllers/settings.cpp:116:75: warning: deprecated conversion from string constant to 'char*' [-Wwrite-strings]
./controllers/settings.cpp:117:84: warning: deprecated conversion from string constant to 'char*' [-Wwrite-strings]
./controllers/settings.cpp:119:75: warning: deprecated conversion from string constant to 'char*' [-Wwrite-strings]
./controllers/settings.cpp:120:84: warning: deprecated conversion from string constant to 'char*' [-Wwrite-strings]
./controllers/settings.cpp:122:95: warning: deprecated conversion from string constant to 'char*' [-Wwrite-strings]
./controllers/settings.cpp:123:104: warning: deprecated conversion from string constant to 'char*' [-Wwrite-strings]
./controllers/settings.cpp: In function 'void printTemperatureInfo()':
./controllers/settings.cpp:286:51: warning: deprecated conversion from string constant to 'char*' [-Wwrite-strings]
./controllers/settings.cpp:287:51: warning: deprecated conversion from string constant to 'char*' [-Wwrite-strings]
./controllers/settings.cpp: In function 'void initSettings()':
./controllers/settings.cpp:435:84: warning: deprecated conversion from string constant to 'char*' [-Wwrite-strings]
./controllers/settings.cpp:437:53: warning: deprecated conversion from string constant to 'char*' [-Wwrite-strings]
./controllers/settings.cpp:438:51: warning: deprecated conversion from string constant to 'char*' [-Wwrite-strings]
./controllers/settings.cpp:439:42: warning: deprecated conversion from string constant to 'char*' [-Wwrite-strings]
./controllers/settings.cpp:441:60: warning: deprecated conversion from string constant to 'char*' [-Wwrite-strings]
./controllers/settings.cpp:442:62: warning: deprecated conversion from string constant to 'char*' [-Wwrite-strings]
./controllers/settings.cpp:443:82: warning: deprecated conversion from string constant to 'char*' [-Wwrite-strings]
./controllers/settings.cpp:444:63: warning: deprecated conversion from string constant to 'char*' [-Wwrite-strings]
./controllers/settings.cpp:445:63: warning: deprecated conversion from string constant to 'char*' [-Wwrite-strings]
./controllers/settings.cpp:446:52: warning: deprecated conversion from string constant to 'char*' [-Wwrite-strings]
./controllers/settings.cpp:447:52: warning: deprecated conversion from string constant to 'char*' [-Wwrite-strings]
./controllers/settings.cpp:449:65: warning: deprecated conversion from string constant to 'char*' [-Wwrite-strings]
./controllers/settings.cpp:450:63: warning: deprecated conversion from string constant to 'char*' [-Wwrite-strings]
./controllers/settings.cpp:451:46: warning: deprecated conversion from string constant to 'char*' [-Wwrite-strings]
./controllers/settings.cpp:452:55: warning: deprecated conversion from string constant to 'char*' [-Wwrite-strings]
./controllers/settings.cpp:453:64: warning: deprecated conversion from string constant to 'char*' [-Wwrite-strings]
./controllers/settings.cpp:454:88: warning: deprecated conversion from string constant to 'char*' [-Wwrite-strings]
./controllers/settings.cpp:455:58: warning: deprecated conversion from string constant to 'char*' [-Wwrite-strings]
./controllers/settings.cpp:458:73: warning: deprecated conversion from string constant to 'char*' [-Wwrite-strings]
./controllers/settings.cpp:460:64: warning: deprecated conversion from string constant to 'char*' [-Wwrite-strings]
./controllers/settings.cpp:461:64: warning: deprecated conversion from string constant to 'char*' [-Wwrite-strings]
./controllers/settings.cpp:462:54: warning: deprecated conversion from string constant to 'char*' [-Wwrite-strings]
./controllers/settings.cpp:463:71: warning: deprecated conversion from string constant to 'char*' [-Wwrite-strings]
./controllers/settings.cpp:464:71: warning: deprecated conversion from string constant to 'char*' [-Wwrite-strings]
./controllers/settings.cpp:465:56: warning: deprecated conversion from string constant to 'char*' [-Wwrite-strings]
./controllers/settings.cpp:466:75: warning: deprecated conversion from string constant to 'char*' [-Wwrite-strings]
./controllers/settings.cpp:467:58: warning: deprecated conversion from string constant to 'char*' [-Wwrite-strings]
./controllers/settings.cpp:469:60: warning: deprecated conversion from string constant to 'char*' [-Wwrite-strings]
./controllers/settings.cpp:470:48: warning: deprecated conversion from string constant to 'char*' [-Wwrite-strings]
./controllers/settings.cpp:472:61: warning: deprecated conversion from string constant to 'char*' [-Wwrite-strings]
./controllers/settings.cpp:473:52: warning: deprecated conversion from string constant to 'char*' [-Wwrite-strings]
./controllers/settings.cpp:475:57: warning: deprecated conversion from string constant to 'char*' [-Wwrite-strings]
./controllers/settings.cpp:476:54: warning: deprecated conversion from string constant to 'char*' [-Wwrite-strings]
./controllers/settings.cpp:478:54: warning: deprecated conversion from string constant to 'char*' [-Wwrite-strings]
./controllers/settings.cpp:479:56: warning: deprecated conversion from string constant to 'char*' [-Wwrite-strings]
./controllers/settings.cpp: At global scope:
./controllers/settings.cpp:39:13: warning: 'void printIntArray(int*, int)' defined but not used [-Wunused-function]
./controllers/engine_controller.cpp: In function 'msg_t csThread()':
./controllers/engine_controller.cpp:87:1: warning: no return statement in function returning non-void [-Wreturn-type]
./controllers/engine_controller.cpp: At global scope:
./controllers/engine_controller.cpp:128:13: warning: unused parameter 'arg' [-Wunused-parameter]
./controllers/engine_controller.cpp:147:13: warning: unused parameter 'arg' [-Wunused-parameter]
./controllers/engine_controller.cpp:154:13: warning: unused parameter 'signal' [-Wunused-parameter]
./controllers/engine_controller.cpp: In function 'void initFuelPump()':
./controllers/engine_controller.cpp:172:56: warning: deprecated conversion from string constant to 'char*' [-Wwrite-strings]
./controllers/engine_controller.cpp: In function 'void printAnalogInfo()':
./controllers/engine_controller.cpp:195:66: warning: deprecated conversion from string constant to 'char*' [-Wwrite-strings]
./controllers/engine_controller.cpp:196:66: warning: deprecated conversion from string constant to 'char*' [-Wwrite-strings]
./controllers/engine_controller.cpp:197:66: warning: deprecated conversion from string constant to 'char*' [-Wwrite-strings]
./controllers/engine_controller.cpp:198:66: warning: deprecated conversion from string constant to 'char*' [-Wwrite-strings]
./controllers/engine_controller.cpp:199:76: warning: deprecated conversion from string constant to 'char*' [-Wwrite-strings]
./controllers/engine_controller.cpp:201:14: warning: deprecated conversion from string constant to 'char*' [-Wwrite-strings]
./controllers/engine_controller.cpp: In function 'void initEngineContoller()':
./controllers/engine_controller.cpp:207:42: warning: deprecated conversion from string constant to 'char*' [-Wwrite-strings]
./controllers/engine_controller.cpp:263:48: warning: deprecated conversion from string constant to 'char*' [-Wwrite-strings]
./util/efilib.cpp: In function 'float atoff(const char*)':
./util/efilib.cpp:51:51: warning: comparison between signed and unsigned integer expressions [-Wsign-compare]
./controllers/math/engine_math.cpp: In function 'void initializeIgnitionActions(float, engine_configuration_s*, engine_configuration2_s*)':
./controllers/math/engine_math.cpp:150:2: warning: deprecated conversion from string constant to 'char*' [-Wwrite-strings]
./controllers/math/engine_math.cpp: In function 'void registerActuatorEventExt(const engine_configuration_s*, trigger_shape_s*, ActuatorEventList*, OutputSignal*, float)':
./controllers/math/engine_math.cpp:255:2: warning: deprecated conversion from string constant to 'char*' [-Wwrite-strings]
./controllers/math/engine_math.cpp:276:2: warning: deprecated conversion from string constant to 'char*' [-Wwrite-strings]
rusefi.cpp: In function 'void runRusEfi()':
rusefi.cpp:125:30: warning: deprecated conversion from string constant to 'char*' [-Wwrite-strings]
rusefi.cpp:127:41: warning: deprecated conversion from string constant to 'char*' [-Wwrite-strings]
rusefi.cpp: In function 'void DebugMonitorVector()':
rusefi.cpp:198:54: warning: deprecated conversion from string constant to 'char*' [-Wwrite-strings]
rusefi.cpp: In function 'void UsageFaultVector()':
rusefi.cpp:206:52: warning: deprecated conversion from string constant to 'char*' [-Wwrite-strings]
rusefi.cpp: In function 'void BusFaultVector()':
rusefi.cpp:214:50: warning: deprecated conversion from string constant to 'char*' [-Wwrite-strings]
rusefi.cpp: In function 'void HardFaultVector()':
rusefi.cpp:222:51: warning: deprecated conversion from string constant to 'char*' [-Wwrite-strings]
rusefi.cpp: In function 'void chDbgStackOverflowPanic(Thread*)':
rusefi.cpp:258:47: warning: deprecated conversion from string constant to 'char*' [-Wwrite-strings]
c:/chibistudio/tools/gnu tools arm embedded/4.7 2013q2/bin/../lib/gcc/arm-none-eabi/4.7.4/../../../../arm-none-eabi/bin/ld.exe: warning: section `.ccm' type changed to PROGBITS
cp: cannot stat `config/features.h': No such file or directory
Access is denied.
